<?xml version="1.0" encoding="UTF-8"?>
<testng-results ignored="0" total="1" passed="1" failed="0" skipped="0">
  <reporter-output>
  </reporter-output>
  <suite started-at="2024-11-26T15:59:37 IST" name="Suite" finished-at="2024-11-26T16:01:45 IST" duration-ms="127841">
    <groups>
    </groups>
    <test started-at="2024-11-26T15:59:37 IST" name="Test" finished-at="2024-11-26T16:01:45 IST" duration-ms="127841">
      <class name="qa.TestCases.TestCase1">
        <test-method is-config="true" signature="beforeTestMethod()[pri:0, instance:qa.TestCases.TestCase1@72035809]" started-at="2024-11-26T15:59:37 IST" name="beforeTestMethod" finished-at="2024-11-26T15:59:37 IST" duration-ms="395" status="PASS">
          <reporter-output>
          </reporter-output>
        </test-method> <!-- beforeTestMethod -->
        <test-method is-config="true" signature="initiatebrowser(java.lang.String,java.lang.reflect.Method)[pri:0, instance:qa.TestCases.TestCase1@72035809]" started-at="2024-11-26T15:59:37 IST" name="initiatebrowser" finished-at="2024-11-26T15:59:43 IST" duration-ms="5785" status="PASS">
          <params>
            <param index="0">
              <value>
                <![CDATA[chrome]]>
              </value>
            </param>
            <param index="1">
              <value>
                <![CDATA[public void qa.TestCases.TestCase1.revenueCalculatorTest() throws java.lang.InterruptedException]]>
              </value>
            </param>
          </params>
          <reporter-output>
          </reporter-output>
        </test-method> <!-- initiatebrowser -->
        <test-method signature="revenueCalculatorTest()[pri:0, instance:qa.TestCases.TestCase1@72035809]" started-at="2024-11-26T15:59:43 IST" name="revenueCalculatorTest" finished-at="2024-11-26T16:01:44 IST" duration-ms="120677" status="PASS">
          <reporter-output>
          </reporter-output>
        </test-method> <!-- revenueCalculatorTest -->
        <test-method is-config="true" signature="afterMethod(org.testng.ITestResult)[pri:0, instance:qa.TestCases.TestCase1@72035809]" started-at="2024-11-26T16:01:44 IST" name="afterMethod" finished-at="2024-11-26T16:01:44 IST" duration-ms="420" status="PASS">
          <params>
            <param index="0">
              <value>
                <![CDATA[[TestResult name=revenueCalculatorTest status=SUCCESS method=TestCase1.revenueCalculatorTest()[pri:0, instance:qa.TestCases.TestCase1@72035809] output={null}]]]>
              </value>
            </param>
          </params>
          <reporter-output>
          </reporter-output>
        </test-method> <!-- afterMethod -->
        <test-method is-config="true" signature="afterTest()[pri:0, instance:qa.TestCases.TestCase1@72035809]" started-at="2024-11-26T16:01:44 IST" name="afterTest" finished-at="2024-11-26T16:01:45 IST" duration-ms="506" status="PASS">
          <reporter-output>
          </reporter-output>
        </test-method> <!-- afterTest -->
      </class> <!-- qa.TestCases.TestCase1 -->
    </test> <!-- Test -->
  </suite> <!-- Suite -->
</testng-results>
